<?xml version="1.0" encoding="UTF-8"?>
<!-- Generated by org.testng.reporters.JUnitReportReporter -->
<testsuite hostname="vanshik" failures="0" tests="1" name="day7.Authentication" time="1.825" errors="0" timestamp="2023-05-02T01:18:21 IST" skipped="0">
  <testcase classname="day7.Authentication" name="testAPIkeyAuthentication" time="1.825"/>
  <system-out/>
</testsuite> <!-- day7.Authentication -->
