<?xml version="1.0" encoding="UTF-8"?>
<!-- Generated by org.testng.reporters.JUnitReportReporter -->
<testsuite hostname="vanshik" failures="0" tests="1" name="day6.serialiazationDeserialization" time="0.236" errors="0" timestamp="2023-05-01T23:55:21 IST" skipped="0">
  <testcase classname="day6.serialiazationDeserialization" name="covertJson2POJO" time="0.236"/>
  <system-out/>
</testsuite> <!-- day6.serialiazationDeserialization -->
