<?xml version="1.0" encoding="UTF-8"?>
<!-- Generated by org.testng.reporters.JUnitReportReporter -->
<testsuite hostname="vanshik" failures="0" tests="1" name="day3.LoggingDemo" time="1.542" errors="0" timestamp="2023-05-01T17:36:09 IST" skipped="0">
  <testcase classname="day3.LoggingDemo" name="testLogs" time="1.542"/>
  <system-out/>
</testsuite> <!-- day3.LoggingDemo -->
