<?xml version="1.0" encoding="UTF-8"?>
<!-- Generated by org.testng.reporters.JUnitReportReporter -->
<testsuite hostname="vanshik" failures="0" tests="1" name="day7.FakerDataGenerator" time="0.176" errors="0" timestamp="2023-05-02T01:34:44 IST" skipped="0">
  <testcase classname="day7.FakerDataGenerator" name="testGenerateDummyData" time="0.176"/>
  <system-out/>
</testsuite> <!-- day7.FakerDataGenerator -->
