<?xml version="1.0" encoding="UTF-8"?>
<!-- Generated by org.testng.reporters.JUnitReportReporter -->
<testsuite hostname="vanshik" failures="0" tests="1" name="day8.CreateUser" time="2.175" errors="0" timestamp="2023-05-02T02:57:23 IST" skipped="0">
  <testcase classname="day8.CreateUser" name="test_createUser" time="2.175"/>
  <system-out/>
</testsuite> <!-- day8.CreateUser -->
