<?xml version="1.0" encoding="UTF-8"?>
<!-- Generated by org.testng.reporters.JUnitReportReporter -->
<testsuite hostname="vanshik" failures="0" tests="4" name="day1.HTTPRequests" time="4.244" errors="0" timestamp="2023-05-01T13:16:06 IST" skipped="0">
  <testcase classname="day1.HTTPRequests" name="getuser" time="2.207"/>
  <system-out/>
  <testcase classname="day1.HTTPRequests" name="CreateUser" time="0.790"/>
  <system-out/>
  <testcase classname="day1.HTTPRequests" name="updateUser" time="0.694"/>
  <system-out/>
  <testcase classname="day1.HTTPRequests" name="deleteUser" time="0.553"/>
  <system-out/>
</testsuite> <!-- day1.HTTPRequests -->
