<?xml version="1.0" encoding="UTF-8"?>
<!-- Generated by org.testng.reporters.JUnitReportReporter -->
<testsuite hostname="vanshik" failures="0" tests="1" name="day5.ParsingXMLResponse" time="1.693" errors="0" timestamp="2023-05-01T20:28:49 IST" skipped="0">
  <testcase classname="day5.ParsingXMLResponse" name="testXMLRespose" time="1.693"/>
  <system-out/>
</testsuite> <!-- day5.ParsingXMLResponse -->
