<?xml version="1.0" encoding="UTF-8"?>
<!-- Generated by org.testng.reporters.JUnitReportReporter -->
<testsuite hostname="vanshik" failures="0" tests="1" name="day3.pathAndQueryParameters" time="1.835" errors="0" timestamp="2023-05-01T16:38:19 IST" skipped="0">
  <testcase classname="day3.pathAndQueryParameters" name="testQueryAndPathParameters" time="1.835"/>
  <system-out/>
</testsuite> <!-- day3.pathAndQueryParameters -->
