<?xml version="1.0" encoding="UTF-8"?>
<!-- Generated by org.testng.reporters.JUnitReportReporter -->
<testsuite hostname="vanshik" failures="0" tests="1" name="day3.cookiesDemo" time="1.957" errors="0" timestamp="2023-05-01T17:05:26 IST" skipped="0">
  <testcase classname="day3.cookiesDemo" name="getCookiesinfo" time="1.957"/>
  <system-out/>
</testsuite> <!-- day3.cookiesDemo -->
