<?xml version="1.0" encoding="UTF-8"?>
<!-- Generated by org.testng.reporters.JUnitReportReporter -->
<testsuite hostname="vanshik" failures="0" tests="1" name="day8.DeleteUser" time="0.336" errors="0" timestamp="2023-05-02T02:57:23 IST" skipped="0">
  <testcase classname="day8.DeleteUser" name="test_deleteUser" time="0.336"/>
  <system-out/>
</testsuite> <!-- day8.DeleteUser -->
