<?xml version="1.0" encoding="UTF-8"?>
<!-- Generated by org.testng.reporters.JUnitReportReporter -->
<testsuite hostname="vanshik" failures="0" tests="1" name="day3.HeadersDemo" time="2.085" errors="0" timestamp="2023-05-01T17:27:43 IST" skipped="0">
  <testcase classname="day3.HeadersDemo" name="testCookies" time="2.085"/>
  <system-out/>
</testsuite> <!-- day3.HeadersDemo -->
